<?xml version="1.0" encoding="UTF-8"?>
<!-- Generated by org.testng.reporters.JUnitXMLReporter -->
<testsuite hostname="DESKTOP-TQJ05NE" name="Test_runner_chorome" tests="1" failures="0" timestamp="10 Mar 2019 09:50:17 GMT" time="0.051" errors="0">
  <testcase name="@BeforeClass configBC" time="0.0" classname="com.comcast.cOpportunity.CreateOpportunitiesTest">
    <failure type="org.testng.TestNGException" message="
Parameter &amp;apos;browser&amp;apos; is required by @Configuration on method configBC but has not been marked @Optional or defined
in E:\JavaTraining\CrmComCastFrameWork\testng.xml">
      <![CDATA[org.testng.TestNGException: 
Parameter 'browser' is required by @Configuration on method configBC but has not been marked @Optional or defined
in E:\JavaTraining\CrmComCastFrameWork\testng.xml
	at java.util.concurrent.FutureTask.run(Unknown Source)
	at java.util.concurrent.ThreadPoolExecutor.runWorker(Unknown Source)
	at java.util.concurrent.ThreadPoolExecutor$Worker.run(Unknown Source)
	at java.lang.Thread.run(Unknown Source)
... Removed 13 stack frames]]>
    </failure>
  </testcase> <!-- @BeforeClass configBC -->
  <testcase name="@BeforeMethod configBM" time="0.0" classname="com.comcast.cOpportunity.CreateOpportunitiesTest">
    <skipped/>
  </testcase> <!-- @BeforeMethod configBM -->
  <testcase name="@AfterMethod configAM" time="0.0" classname="com.comcast.cOpportunity.CreateOpportunitiesTest">
    <skipped/>
  </testcase> <!-- @AfterMethod configAM -->
  <testcase name="createOpportunitiesWithMandatory" time="0.006" classname="com.comcast.cOpportunity.CreateOpportunitiesTest">
    <skipped/>
  </testcase> <!-- createOpportunitiesWithMandatory -->
</testsuite> <!-- Test_runner_chorome -->
